Using pre-set license
Built from '2021.3/staging' branch; Version is '2021.3.8f1 (b30333d56e81) revision 11731763'; Using compiler version '192829333'; Build Type 'Release'
OS: 'Windows 11  (10.0.22621) 64bit Professional' Language: 'es' Physical Memory: 16321 MB
BatchMode: 1, IsHumanControllingUs: 0, StartBugReporterOnCrash: 0, Is64bit: 1, IsPro: 1

COMMAND LINE ARGUMENTS:
C:\Program Files\Unity\Hub\Editor\2021.3.8f1\Editor\Unity.exe
-adb2
-batchMode
-noUpm
-name
AssetImportWorker0
-projectPath
C:/Users/Paolo/Documents/Eternal-Rewinding
-logFile
Logs/AssetImportWorker0.log
-srvPort
14176
Successfully changed project path to: C:/Users/Paolo/Documents/Eternal-Rewinding
C:/Users/Paolo/Documents/Eternal-Rewinding
[UnityMemory] Configuration Parameters - Can be set up in boot.config
    "memorysetup-bucket-allocator-granularity=16"
    "memorysetup-bucket-allocator-bucket-count=8"
    "memorysetup-bucket-allocator-block-size=33554432"
    "memorysetup-bucket-allocator-block-count=8"
    "memorysetup-main-allocator-block-size=16777216"
    "memorysetup-thread-allocator-block-size=16777216"
    "memorysetup-gfx-main-allocator-block-size=16777216"
    "memorysetup-gfx-thread-allocator-block-size=16777216"
    "memorysetup-cache-allocator-block-size=4194304"
    "memorysetup-typetree-allocator-block-size=2097152"
    "memorysetup-profiler-bucket-allocator-granularity=16"
    "memorysetup-profiler-bucket-allocator-bucket-count=8"
    "memorysetup-profiler-bucket-allocator-block-size=33554432"
    "memorysetup-profiler-bucket-allocator-block-count=8"
    "memorysetup-profiler-allocator-block-size=16777216"
    "memorysetup-profiler-editor-allocator-block-size=1048576"
    "memorysetup-temp-allocator-size-main=16777216"
    "memorysetup-job-temp-allocator-block-size=2097152"
    "memorysetup-job-temp-allocator-block-size-background=1048576"
    "memorysetup-job-temp-allocator-reduction-small-platforms=262144"
    "memorysetup-temp-allocator-size-background-worker=32768"
    "memorysetup-temp-allocator-size-job-worker=262144"
    "memorysetup-temp-allocator-size-preload-manager=33554432"
    "memorysetup-temp-allocator-size-nav-mesh-worker=65536"
    "memorysetup-temp-allocator-size-audio-worker=65536"
    "memorysetup-temp-allocator-size-cloud-worker=32768"
    "memorysetup-temp-allocator-size-gi-baking-worker=262144"
    "memorysetup-temp-allocator-size-gfx=262144"
Refreshing native plugins compatible for Editor in 139.39 ms, found 3 plugins.
Preloading 0 native plugins for Editor in 0.00 ms.
Initialize engine version: 2021.3.8f1 (b30333d56e81)
[Subsystems] Discovering subsystems at path C:/Program Files/Unity/Hub/Editor/2021.3.8f1/Editor/Data/Resources/UnitySubsystems
[Subsystems] Discovering subsystems at path C:/Users/Paolo/Documents/Eternal-Rewinding/Assets
GfxDevice: creating device client; threaded=0; jobified=0
Direct3D:
    Version:  Direct3D 11.0 [level 11.1]
    Renderer: NVIDIA GeForce GTX 1650 (ID=0x1f82)
    Vendor:   NVIDIA
    VRAM:     3962 MB
    Driver:   31.0.15.1694
Initialize mono
Mono path[0] = 'C:/Program Files/Unity/Hub/Editor/2021.3.8f1/Editor/Data/Managed'
Mono path[1] = 'C:/Program Files/Unity/Hub/Editor/2021.3.8f1/Editor/Data/MonoBleedingEdge/lib/mono/unityjit-win32'
Mono config path = 'C:/Program Files/Unity/Hub/Editor/2021.3.8f1/Editor/Data/MonoBleedingEdge/etc'
Using monoOptions --debugger-agent=transport=dt_socket,embedding=1,server=y,suspend=n,address=127.0.0.1:56064
Begin MonoManager ReloadAssembly
Registering precompiled unity dll's ...
Register platform support module: C:/Program Files/Unity/Hub/Editor/2021.3.8f1/Editor/Data/PlaybackEngines/WindowsStandaloneSupport/UnityEditor.WindowsStandalone.Extensions.dll
Registered in 0.006031 seconds.
Native extension for WindowsStandalone target not found
Refreshing native plugins compatible for Editor in 173.37 ms, found 3 plugins.
Preloading 0 native plugins for Editor in 0.00 ms.
Mono: successfully reloaded assembly
- Completed reload, in  1.079 seconds
Domain Reload Profiling:
	ReloadAssembly (1080ms)
		BeginReloadAssembly (103ms)
			ExecutionOrderSort (0ms)
			DisableScriptedObjects (0ms)
			BackupInstance (0ms)
			ReleaseScriptingObjects (0ms)
			CreateAndSetChildDomain (1ms)
		EndReloadAssembly (823ms)
			LoadAssemblies (101ms)
			RebuildTransferFunctionScriptingTraits (0ms)
			SetupTypeCache (200ms)
			ReleaseScriptCaches (0ms)
			RebuildScriptCaches (59ms)
			SetupLoadedEditorAssemblies (465ms)
				LogAssemblyErrors (0ms)
				InitializePlatformSupportModulesInManaged (8ms)
				SetLoadedEditorAssemblies (0ms)
				RefreshPlugins (174ms)
				BeforeProcessingInitializeOnLoad (2ms)
				ProcessInitializeOnLoadAttributes (219ms)
				ProcessInitializeOnLoadMethodAttributes (62ms)
				AfterProcessingInitializeOnLoad (0ms)
				EditorAssembliesLoaded (1ms)
			ExecutionOrderSort2 (0ms)
			AwakeInstancesAfterBackupRestoration (0ms)
Platform modules already initialized, skipping
Registering precompiled user dll's ...
Registered in 0.007653 seconds.
Begin MonoManager ReloadAssembly
Symbol file LoadedFromMemory doesn't match image C:\Users\Paolo\Documents\Eternal-Rewinding\Library\PackageCache\com.unity.visualscripting@1.7.8\Editor\VisualScripting.Core\Dependencies\YamlDotNet\Unity.VisualScripting.YamlDotNet.dll
Symbol file LoadedFromMemory doesn't match image C:\Users\Paolo\Documents\Eternal-Rewinding\Library\PackageCache\com.unity.visualscripting@1.7.8\Editor\VisualScripting.Core\Dependencies\DotNetZip\Unity.VisualScripting.IonicZip.dll
Native extension for WindowsStandalone target not found
Refreshing native plugins compatible for Editor in 0.54 ms, found 3 plugins.
Preloading 0 native plugins for Editor in 0.00 ms.
Mono: successfully reloaded assembly
- Completed reload, in  1.529 seconds
Domain Reload Profiling:
	ReloadAssembly (1530ms)
		BeginReloadAssembly (143ms)
			ExecutionOrderSort (0ms)
			DisableScriptedObjects (7ms)
			BackupInstance (0ms)
			ReleaseScriptingObjects (0ms)
			CreateAndSetChildDomain (31ms)
		EndReloadAssembly (1173ms)
			LoadAssemblies (97ms)
			RebuildTransferFunctionScriptingTraits (0ms)
			SetupTypeCache (385ms)
			ReleaseScriptCaches (1ms)
			RebuildScriptCaches (73ms)
			SetupLoadedEditorAssemblies (541ms)
				LogAssemblyErrors (0ms)
				InitializePlatformSupportModulesInManaged (7ms)
				SetLoadedEditorAssemblies (0ms)
				RefreshPlugins (1ms)
				BeforeProcessingInitializeOnLoad (121ms)
				ProcessInitializeOnLoadAttributes (364ms)
				ProcessInitializeOnLoadMethodAttributes (42ms)
				AfterProcessingInitializeOnLoad (6ms)
				EditorAssembliesLoaded (0ms)
			ExecutionOrderSort2 (0ms)
			AwakeInstancesAfterBackupRestoration (11ms)
Platform modules already initialized, skipping
========================================================================
Worker process is ready to serve import requests
Launched and connected shader compiler UnityShaderCompiler.exe after 0.07 seconds
Refreshing native plugins compatible for Editor in 0.52 ms, found 3 plugins.
Preloading 0 native plugins for Editor in 0.00 ms.
Unloading 3383 Unused Serialized files (Serialized files now loaded: 0)
Unloading 27 unused Assets / (111.2 KB). Loaded Objects now: 3858.
Memory consumption went from 128.5 MB to 128.4 MB.
Total: 4.726600 ms (FindLiveObjects: 0.491400 ms CreateObjectMapping: 0.317100 ms MarkObjects: 3.808600 ms  DeleteObjects: 0.108300 ms)

AssetImportParameters requested are different than current active one (requested -> active):
  custom:video-decoder-ogg-theora: a1e56fd34408186e4bbccfd4996cb3dc -> 
  custom:container-muxer-webm: aa71ff27fc2769a1b78a27578f13a17b -> 
  custom:container-demuxer-webm: 4f35f7cbe854078d1ac9338744f61a02 -> 
  custom:video-encoder-webm-vp8: eb34c28f22e8b96e1ab97ce403110664 -> 
  custom:audio-encoder-webm-vorbis: bf7c407c2cedff20999df2af8eb42d56 -> 
  custom:framework-win-MediaFoundation: 216162199b28c13a410421893ffa2e32 -> 
  custom:container-demuxer-ogg: 62fdf1f143b41e24485cea50d1cbac27 -> 
  custom:video-decoder-webm-vp8: 9c59270c3fd7afecdb556c50c9e8de78 -> 
  custom:audio-decoder-ogg-vorbis: bf7c407c2cedff20999df2af8eb42d56 -> 
========================================================================
Received Import Request.
  Time since last request: 696565.393570 seconds.
  path: Assets/Images/Square.png
  artifactKey: Guid(b7a41a9c654b7de4f84284ff19031013) Importer(815301076,1909f56bfc062723c751e8b465ee728b)
Start importing Assets/Images/Square.png using Guid(b7a41a9c654b7de4f84284ff19031013) Importer(815301076,1909f56bfc062723c751e8b465ee728b)  -> (artifact id: 'fd4f252ef9b4739286efca1ca7b7e2cc') in 0.212710 seconds 
========================================================================
Received Import Request.
  Time since last request: 11.547325 seconds.
  path: Assets/Animations/Moves/BossSlime/BreathBoss.fbx
  artifactKey: Guid(4ded4301192c6f74888244d1a4ae20ec) Importer(815301076,1909f56bfc062723c751e8b465ee728b)
Start importing Assets/Animations/Moves/BossSlime/BreathBoss.fbx using Guid(4ded4301192c6f74888244d1a4ae20ec) Importer(815301076,1909f56bfc062723c751e8b465ee728b)  -> (artifact id: '95c230e72f991120c2a1d8d332db8415') in 0.290753 seconds 
========================================================================
Received Import Request.
  Time since last request: 0.000038 seconds.
  path: Assets/Animations/Moves/Player/Falling To Roll.fbx
  artifactKey: Guid(6eb15322bdedef8498c2860bc3a8bc79) Importer(815301076,1909f56bfc062723c751e8b465ee728b)
Start importing Assets/Animations/Moves/Player/Falling To Roll.fbx using Guid(6eb15322bdedef8498c2860bc3a8bc79) Importer(815301076,1909f56bfc062723c751e8b465ee728b)  -> (artifact id: 'bbed568e1273d9dff9a4c3f0904b0ffb') in 0.069381 seconds 
========================================================================
Received Import Request.
  Time since last request: 0.000032 seconds.
  path: Assets/Animations/Moves/Player/Kicking.fbx
  artifactKey: Guid(df68fdc4352c637469265468239f3f12) Importer(815301076,1909f56bfc062723c751e8b465ee728b)
Start importing Assets/Animations/Moves/Player/Kicking.fbx using Guid(df68fdc4352c637469265468239f3f12) Importer(815301076,1909f56bfc062723c751e8b465ee728b)  -> (artifact id: '7396107b4f6a831703ecab80c0dad265') in 0.090112 seconds 
========================================================================
Received Import Request.
  Time since last request: 0.000020 seconds.
  path: Assets/Animations/Moves/Player/Running.fbx
  artifactKey: Guid(9b8f02272b1fa05409adc15b0d978e1d) Importer(815301076,1909f56bfc062723c751e8b465ee728b)
Start importing Assets/Animations/Moves/Player/Running.fbx using Guid(9b8f02272b1fa05409adc15b0d978e1d) Importer(815301076,1909f56bfc062723c751e8b465ee728b)  -> (artifact id: 'ef5c0e8cccd9dcfbab8cb3c80a8b09ca') in 0.105479 seconds 
========================================================================
Received Import Request.
  Time since last request: 0.000053 seconds.
  path: Assets/Animations/Moves/Player/Hook.fbx
  artifactKey: Guid(7a30f3219d1d3064cb9761dbb70b712f) Importer(815301076,1909f56bfc062723c751e8b465ee728b)
Start importing Assets/Animations/Moves/Player/Hook.fbx using Guid(7a30f3219d1d3064cb9761dbb70b712f) Importer(815301076,1909f56bfc062723c751e8b465ee728b)  -> (artifact id: 'd0eeb44ccdf4d687256ffdf7fcccd3cd') in 0.102747 seconds 
========================================================================
Received Import Request.
  Time since last request: 0.000034 seconds.
  path: Assets/Animations/Moves/BossSlime/WalkBoss.fbx
  artifactKey: Guid(e0b660c99548df94c9e7fd525567dfb3) Importer(815301076,1909f56bfc062723c751e8b465ee728b)
Start importing Assets/Animations/Moves/BossSlime/WalkBoss.fbx using Guid(e0b660c99548df94c9e7fd525567dfb3) Importer(815301076,1909f56bfc062723c751e8b465ee728b)  -> (artifact id: '0e28e285b7e895614f2ee6f00d2cda4e') in 0.077515 seconds 
========================================================================
Received Import Request.
  Time since last request: 0.000023 seconds.
  path: Assets/Animations/Moves/Player/Punching.fbx
  artifactKey: Guid(fa6099c494cb60a4ebc5a613bfbe52cb) Importer(815301076,1909f56bfc062723c751e8b465ee728b)
Start importing Assets/Animations/Moves/Player/Punching.fbx using Guid(fa6099c494cb60a4ebc5a613bfbe52cb) Importer(815301076,1909f56bfc062723c751e8b465ee728b)  -> (artifact id: 'b2c657862f338b9679af05cf76b02a5c') in 0.084661 seconds 
========================================================================
Received Import Request.
  Time since last request: 0.000030 seconds.
  path: Assets/Animations/Moves/Player/Flying Kick.fbx
  artifactKey: Guid(7eff89bb9bc99aa40ba43b2b05223aab) Importer(815301076,1909f56bfc062723c751e8b465ee728b)
Start importing Assets/Animations/Moves/Player/Flying Kick.fbx using Guid(7eff89bb9bc99aa40ba43b2b05223aab) Importer(815301076,1909f56bfc062723c751e8b465ee728b)  -> (artifact id: 'f0c8c8c7679fc35e6ab7f7e38a01ed93') in 0.112156 seconds 
========================================================================
Received Import Request.
  Time since last request: 0.000028 seconds.
  path: Assets/Animations/Moves/Player/Moonwalk.fbx
  artifactKey: Guid(bb675399a80acef4989eecffff62e9ed) Importer(815301076,1909f56bfc062723c751e8b465ee728b)
Start importing Assets/Animations/Moves/Player/Moonwalk.fbx using Guid(bb675399a80acef4989eecffff62e9ed) Importer(815301076,1909f56bfc062723c751e8b465ee728b)  -> (artifact id: '2d16e4288ac7bcf83975bf82de020acf') in 0.137397 seconds 
========================================================================
Received Import Request.
  Time since last request: 0.000036 seconds.
  path: Assets/Animations/Moves/Player/Jump.fbx
  artifactKey: Guid(90661d0cd1466cc46a92dfe2e7e77e92) Importer(815301076,1909f56bfc062723c751e8b465ee728b)
Start importing Assets/Animations/Moves/Player/Jump.fbx using Guid(90661d0cd1466cc46a92dfe2e7e77e92) Importer(815301076,1909f56bfc062723c751e8b465ee728b)  -> (artifact id: '37d86c722852a4ae3899feba32567547') in 0.116323 seconds 
========================================================================
Received Import Request.
  Time since last request: 0.000021 seconds.
  path: Assets/Animations/Moves/Player/Quick Roll To Run.fbx
  artifactKey: Guid(de0ee7dd21dd1f6428de9ccef64d3aa9) Importer(815301076,1909f56bfc062723c751e8b465ee728b)
Start importing Assets/Animations/Moves/Player/Quick Roll To Run.fbx using Guid(de0ee7dd21dd1f6428de9ccef64d3aa9) Importer(815301076,1909f56bfc062723c751e8b465ee728b)  -> (artifact id: 'f002e304206c5fa4d81bae7ac207bed2') in 0.106767 seconds 
========================================================================
Received Import Request.
  Time since last request: 0.000028 seconds.
  path: Assets/Animations/Moves/Player/Kip Up.fbx
  artifactKey: Guid(f7fe0e865bfee2c46b9a18754b0ba511) Importer(815301076,1909f56bfc062723c751e8b465ee728b)
Start importing Assets/Animations/Moves/Player/Kip Up.fbx using Guid(f7fe0e865bfee2c46b9a18754b0ba511) Importer(815301076,1909f56bfc062723c751e8b465ee728b)  -> (artifact id: '2e8912395ab0cc1ff4ea6c48d45337c1') in 0.097875 seconds 
========================================================================
Received Import Request.
  Time since last request: 0.000034 seconds.
  path: Assets/Animations/Moves/Player/Uppercut.fbx
  artifactKey: Guid(5f8614d099ee5c3489383a69557292bd) Importer(815301076,1909f56bfc062723c751e8b465ee728b)
Start importing Assets/Animations/Moves/Player/Uppercut.fbx using Guid(5f8614d099ee5c3489383a69557292bd) Importer(815301076,1909f56bfc062723c751e8b465ee728b)  -> (artifact id: 'e6ab418fe415f33eeba75bcc691660dc') in 0.068794 seconds 
========================================================================
Received Import Request.
  Time since last request: 0.000028 seconds.
  path: Assets/Animations/Moves/BossSlime/Mutant Walking 1.fbx
  artifactKey: Guid(4053db516ebd0d148be88dced18839fd) Importer(815301076,1909f56bfc062723c751e8b465ee728b)
Start importing Assets/Animations/Moves/BossSlime/Mutant Walking 1.fbx using Guid(4053db516ebd0d148be88dced18839fd) Importer(815301076,1909f56bfc062723c751e8b465ee728b)  -> (artifact id: '2438e57fde0f4ff6a490fb59edacb981') in 0.083981 seconds 
Editor requested this worker to shutdown with reason: Scaling down because of idle timeout
AssetImportWorkerClient::OnTransportError - code=2 error=End of file
AssetImportWorker is now disconnected from the server
Process exiting
Exiting without the bug reporter. Application will terminate with return code 0